  operation.c
C:\Users\admin\source\repos\Лабораторная работа 2\Лабораторная работа 2\operation.c(24,9): error C2065: x: необъявленный идентификатор
C:\Users\admin\source\repos\Лабораторная работа 2\Лабораторная работа 2\operation.c(24,10): error C2224: выражение слева от ".line" должно иметь тип структуры или объединения
C:\Users\admin\source\repos\Лабораторная работа 2\Лабораторная работа 2\operation.c(24,19): error C2065: y: необъявленный идентификатор
C:\Users\admin\source\repos\Лабораторная работа 2\Лабораторная работа 2\operation.c(24,20): error C2224: выражение слева от ".line" должно иметь тип структуры или объединения
C:\Users\admin\source\repos\Лабораторная работа 2\Лабораторная работа 2\operation.c(24,31): error C2065: x: необъявленный идентификатор
C:\Users\admin\source\repos\Лабораторная работа 2\Лабораторная работа 2\operation.c(24,32): error C2224: выражение слева от ".col" должно иметь тип структуры или объединения
C:\Users\admin\source\repos\Лабораторная работа 2\Лабораторная работа 2\operation.c(24,40): error C2065: y: необъявленный идентификатор
C:\Users\admin\source\repos\Лабораторная работа 2\Лабораторная работа 2\operation.c(24,41): error C2224: выражение слева от ".col" должно иметь тип структуры или объединения
C:\Users\admin\source\repos\Лабораторная работа 2\Лабораторная работа 2\operation.c(26,25): error C2065: x: необъявленный идентификатор
C:\Users\admin\source\repos\Лабораторная работа 2\Лабораторная работа 2\operation.c(26,26): error C2224: выражение слева от ".line" должно иметь тип структуры или объединения
C:\Users\admin\source\repos\Лабораторная работа 2\Лабораторная работа 2\operation.c(28,26): error C2065: x: необъявленный идентификатор
C:\Users\admin\source\repos\Лабораторная работа 2\Лабораторная работа 2\operation.c(28,27): error C2224: выражение слева от ".col" должно иметь тип структуры или объединения
C:\Users\admin\source\repos\Лабораторная работа 2\Лабораторная работа 2\operation.c(30,22): error C2065: x: необъявленный идентификатор
C:\Users\admin\source\repos\Лабораторная работа 2\Лабораторная работа 2\operation.c(30,23): error C2224: выражение слева от ".matrix" должно иметь тип структуры или объединения
C:\Users\admin\source\repos\Лабораторная работа 2\Лабораторная работа 2\operation.c(30,39): error C2065: y: необъявленный идентификатор
C:\Users\admin\source\repos\Лабораторная работа 2\Лабораторная работа 2\operation.c(30,40): error C2224: выражение слева от ".matrix" должно иметь тип структуры или объединения
C:\Users\admin\source\repos\Лабораторная работа 2\Лабораторная работа 2\operation.c(30,15): warning C4473: "printf_s": передано недостаточно аргументов для строки формата
C:\Users\admin\source\repos\Лабораторная работа 2\Лабораторная работа 2\operation.c(30,15): message : заполнители и их параметры ожидают переменное число аргументов в количестве 1, но было предоставлено 0
C:\Users\admin\source\repos\Лабораторная работа 2\Лабораторная работа 2\operation.c(30,15): message : отсутствующий вариативный аргумент "1" требуется для строки форматирования "%d"
