  main.c
C:\Users\admin\source\repos\aud10\aud10\main.c(9,6): warning C4013: gets: нет определения; предполагается "extern" с возвратом типа "int"
C:\Users\admin\source\repos\aud10\aud10\main.c(10,47): warning C4047: ==: "errno_t" отличается по уровням косвенного обращения от "void *"
C:\Users\admin\source\repos\aud10\aud10\main.c(23,36): error C2065: array: необъявленный идентификатор
C:\Users\admin\source\repos\aud10\aud10\main.c(23,38): error C2109: для индекса требуется массив или указатель
C:\Users\admin\source\repos\aud10\aud10\main.c(23,24): warning C4473: "fscanf_s": передано недостаточно аргументов для строки формата
C:\Users\admin\source\repos\aud10\aud10\main.c(23,24): message : заполнители и их параметры ожидают переменное число аргументов в количестве 2, но было предоставлено 0
C:\Users\admin\source\repos\aud10\aud10\main.c(23,24): message : отсутствующий вариативный аргумент "1" требуется для строки форматирования "%c"
C:\Users\admin\source\repos\aud10\aud10\main.c(23,24): message : этот аргумент используется описателем преобразования
C:\Users\admin\source\repos\aud10\aud10\main.c(24,25): error C2065: array: необъявленный идентификатор
C:\Users\admin\source\repos\aud10\aud10\main.c(24,27): error C2109: для индекса требуется массив или указатель
C:\Users\admin\source\repos\aud10\aud10\main.c(24,14): warning C4473: "printf_s": передано недостаточно аргументов для строки формата
C:\Users\admin\source\repos\aud10\aud10\main.c(24,14): message : заполнители и их параметры ожидают переменное число аргументов в количестве 1, но было предоставлено 0
C:\Users\admin\source\repos\aud10\aud10\main.c(24,14): message : отсутствующий вариативный аргумент "1" требуется для строки форматирования "%c"
C:\Users\admin\source\repos\aud10\aud10\main.c(36,35): error C2065: array: необъявленный идентификатор
C:\Users\admin\source\repos\aud10\aud10\main.c(36,37): error C2109: для индекса требуется массив или указатель
C:\Users\admin\source\repos\aud10\aud10\main.c(36,23): warning C4473: "fscanf_s": передано недостаточно аргументов для строки формата
C:\Users\admin\source\repos\aud10\aud10\main.c(36,23): message : заполнители и их параметры ожидают переменное число аргументов в количестве 2, но было предоставлено 0
C:\Users\admin\source\repos\aud10\aud10\main.c(36,23): message : отсутствующий вариативный аргумент "1" требуется для строки форматирования "%c"
C:\Users\admin\source\repos\aud10\aud10\main.c(36,23): message : этот аргумент используется описателем преобразования
C:\Users\admin\source\repos\aud10\aud10\main.c(37,24): error C2065: array: необъявленный идентификатор
C:\Users\admin\source\repos\aud10\aud10\main.c(37,26): error C2109: для индекса требуется массив или указатель
C:\Users\admin\source\repos\aud10\aud10\main.c(37,13): warning C4473: "printf_s": передано недостаточно аргументов для строки формата
C:\Users\admin\source\repos\aud10\aud10\main.c(37,13): message : заполнители и их параметры ожидают переменное число аргументов в количестве 1, но было предоставлено 0
C:\Users\admin\source\repos\aud10\aud10\main.c(37,13): message : отсутствующий вариативный аргумент "1" требуется для строки форматирования "%c"
