c:\users\admin\source\repos\aud10\aud10\debug\vc142.pdb
c:\users\admin\source\repos\aud10\aud10\debug\vc142.idb
c:\users\admin\source\repos\aud10\aud10\debug\main.obj
c:\users\admin\source\repos\aud10\debug\aud10.pdb
c:\users\admin\source\repos\aud10\aud10\debug\aud10.tlog\cl.command.1.tlog
c:\users\admin\source\repos\aud10\aud10\debug\aud10.tlog\cl.read.1.tlog
c:\users\admin\source\repos\aud10\aud10\debug\aud10.tlog\cl.write.1.tlog
c:\users\admin\source\repos\aud10\aud10\debug\aud10.tlog\link-cvtres.read.1.tlog
c:\users\admin\source\repos\aud10\aud10\debug\aud10.tlog\link-cvtres.write.1.tlog
c:\users\admin\source\repos\aud10\aud10\debug\aud10.tlog\link-rc.read.1.tlog
c:\users\admin\source\repos\aud10\aud10\debug\aud10.tlog\link-rc.write.1.tlog
c:\users\admin\source\repos\aud10\aud10\debug\aud10.tlog\link.17464-cvtres.read.1.tlog
c:\users\admin\source\repos\aud10\aud10\debug\aud10.tlog\link.17464-cvtres.write.1.tlog
c:\users\admin\source\repos\aud10\aud10\debug\aud10.tlog\link.17464-rc.read.1.tlog
c:\users\admin\source\repos\aud10\aud10\debug\aud10.tlog\link.17464-rc.write.1.tlog
c:\users\admin\source\repos\aud10\aud10\debug\aud10.tlog\link.17464.read.1.tlog
c:\users\admin\source\repos\aud10\aud10\debug\aud10.tlog\link.17464.write.1.tlog
c:\users\admin\source\repos\aud10\aud10\debug\aud10.tlog\link.command.1.tlog
c:\users\admin\source\repos\aud10\aud10\debug\aud10.tlog\link.read.1.tlog
c:\users\admin\source\repos\aud10\aud10\debug\aud10.tlog\link.write.1.tlog
